
异常时间：2017-08-30 10:43:07,864 [6] 
异常级别：ERROR 
异 常 类：api error [(null)] 
api/mobile/ZhiDiShangYeSearch/Index 
 System.Web.HttpException (0x80004005): 以下各节已定义，但尚未为布局页“~/Views/Shared/Master/_ZDFront.cshtml”呈现:“Content”。
   在 System.Web.WebPages.WebPageBase.VerifyRenderedBodyOrSections()
   在 System.Web.WebPages.WebPageBase.PopContext()
   在 System.Web.WebPages.WebPageBase.ExecutePageHierarchy(WebPageContext pageContext, TextWriter writer, WebPageRenderingBase startPage)
   在 System.Web.WebPages.WebPageBase.<>c__DisplayClass7.<RenderPageCore>b__6(TextWriter writer)
   在 System.Web.WebPages.HelperResult.WriteTo(TextWriter writer)
   在 System.Web.WebPages.WebPageBase.Write(HelperResult result)
   在 System.Web.WebPages.WebPageBase.RenderSurrounding(String partialViewName, Action`1 body)
   在 System.Web.WebPages.WebPageBase.PopContext()
   在 System.Web.WebPages.WebPageBase.ExecutePageHierarchy(WebPageContext pageContext, TextWriter writer, WebPageRenderingBase startPage)
   在 System.Web.WebPages.WebPageBase.<>c__DisplayClass7.<RenderPageCore>b__6(TextWriter writer)
   在 System.Web.WebPages.HelperResult.WriteTo(TextWriter writer)
   在 System.Web.WebPages.WebPageBase.Write(HelperResult result)
   在 System.Web.WebPages.WebPageBase.RenderSurrounding(String partialViewName, Action`1 body)
   在 System.Web.WebPages.WebPageBase.PopContext()
   在 System.Web.WebPages.WebPageBase.ExecutePageHierarchy(WebPageContext pageContext, TextWriter writer, WebPageRenderingBase startPage)
   在 System.Web.Mvc.RazorView.RenderView(ViewContext viewContext, TextWriter writer, Object instance)
   在 System.Web.Mvc.BuildManagerCompiledView.Render(ViewContext viewContext, TextWriter writer)
   在 System.Web.Mvc.ViewResultBase.ExecuteResult(ControllerContext context)
   在 System.Web.Mvc.ControllerActionInvoker.InvokeActionResult(ControllerContext controllerContext, ActionResult actionResult)
   在 System.Web.Mvc.ControllerActionInvoker.<>c__DisplayClass1a.<InvokeActionResultWithFilters>b__17()
   在 System.Web.Mvc.ControllerActionInvoker.InvokeActionResultFilter(IResultFilter filter, ResultExecutingContext preContext, Func`1 continuation)
   在 System.Web.Mvc.ControllerActionInvoker.<>c__DisplayClass1a.<>c__DisplayClass1c.<InvokeActionResultWithFilters>b__19()
   在 System.Web.Mvc.ControllerActionInvoker.InvokeActionResultWithFilters(ControllerContext controllerContext, IList`1 filters, ActionResult actionResult)
   在 System.Web.Mvc.Async.AsyncControllerActionInvoker.<>c__DisplayClass25.<>c__DisplayClass2a.<BeginInvokeAction>b__20()
   在 System.Web.Mvc.Async.AsyncControllerActionInvoker.<>c__DisplayClass25.<BeginInvokeAction>b__22(IAsyncResult asyncResult)

异常时间：2017-08-30 22:16:13,068 [140] 
异常级别：ERROR 
异 常 类：api error [(null)] 
api/mobile/ZhiDiShangYeSearch/Index 
 System.Web.HttpCompileException (0x80004005): d:\项目\zhididata\ZhiDiExt\Views\Shared\Partial\_Sidebar.cshtml(66): error CS0103: 当前上下文中不存在名称“keyframes”
   在 System.Web.Compilation.AssemblyBuilder.Compile()
   在 System.Web.Compilation.BuildProvidersCompiler.PerformBuild()
   在 System.Web.Compilation.BuildManager.CompileWebFile(VirtualPath virtualPath)
   在 System.Web.Compilation.BuildManager.GetVPathBuildResultInternal(VirtualPath virtualPath, Boolean noBuild, Boolean allowCrossApp, Boolean allowBuildInPrecompile, Boolean throwIfNotFound, Boolean ensureIsUpToDate)
   在 System.Web.Compilation.BuildManager.GetVPathBuildResultWithNoAssert(HttpContext context, VirtualPath virtualPath, Boolean noBuild, Boolean allowCrossApp, Boolean allowBuildInPrecompile, Boolean throwIfNotFound, Boolean ensureIsUpToDate)
   在 System.Web.Compilation.BuildManager.GetVirtualPathObjectFactory(VirtualPath virtualPath, HttpContext context, Boolean allowCrossApp, Boolean throwIfNotFound)
   在 System.Web.Mvc.BuildManagerWrapper.System.Web.Mvc.IBuildManager.FileExists(String virtualPath)
   在 System.Web.Mvc.BuildManagerViewEngine.FileExists(ControllerContext controllerContext, String virtualPath)
   在 System.Web.Mvc.VirtualPathProviderViewEngine.<>c__DisplayClass4.<GetPathFromGeneralName>b__0(String path)
   在 System.Web.WebPages.DefaultDisplayMode.GetDisplayInfo(HttpContextBase httpContext, String virtualPath, Func`2 virtualPathExists)
   在 System.Web.WebPages.DisplayModeProvider.<>c__DisplayClassb.<GetDisplayInfoForVirtualPath>b__8(IDisplayMode mode)
   在 System.Linq.Enumerable.WhereSelectListIterator`2.MoveNext()
   在 System.Linq.Enumerable.FirstOrDefault[TSource](IEnumerable`1 source, Func`2 predicate)
   在 System.Web.WebPages.DisplayModeProvider.GetDisplayInfoForVirtualPath(String virtualPath, HttpContextBase httpContext, Func`2 virtualPathExists, IDisplayMode currentDisplayMode, Boolean requireConsistentDisplayMode)
   在 System.Web.Mvc.VirtualPathProviderViewEngine.GetPathFromGeneralName(ControllerContext controllerContext, List`1 locations, String name, String controllerName, String areaName, String cacheKey, String[]& searchedLocations)
   在 System.Web.Mvc.VirtualPathProviderViewEngine.GetPath(ControllerContext controllerContext, String[] locations, String[] areaLocations, String locationsPropertyName, String name, String controllerName, String cacheKeyPrefix, Boolean useCache, String[]& searchedLocations)
   在 System.Web.Mvc.VirtualPathProviderViewEngine.FindPartialView(ControllerContext controllerContext, String partialViewName, Boolean useCache)
   在 System.Web.Mvc.ViewEngineCollection.<>c__DisplayClass8.<FindPartialView>b__7(IViewEngine e)
   在 System.Web.Mvc.ViewEngineCollection.Find(Func`2 lookup, Boolean trackSearchedPaths)
   在 System.Web.Mvc.ViewEngineCollection.FindPartialView(ControllerContext controllerContext, String partialViewName)
   在 System.Web.Mvc.HtmlHelper.FindPartialView(ViewContext viewContext, String partialViewName, ViewEngineCollection viewEngineCollection)
   在 System.Web.Mvc.HtmlHelper.RenderPartialInternal(String partialViewName, ViewDataDictionary viewData, Object model, TextWriter writer, ViewEngineCollection viewEngineCollection)
   在 System.Web.Mvc.Html.PartialExtensions.Partial(HtmlHelper htmlHelper, String partialViewName, Object model, ViewDataDictionary viewData)
   在 System.Web.Mvc.Html.PartialExtensions.Partial(HtmlHelper htmlHelper, String partialViewName)
   在 ASP._Page_Views_Shared_Master__ZDFront_cshtml.<Execute>b__1() 位置 d:\项目\zhididata\ZhiDiExt\Views\Shared\Master\_ZDFront.cshtml:行号 35
   在 System.Web.WebPages.WebPageBase.<>c__DisplayClassb.<RenderSection>b__9(TextWriter tw)
   在 System.Web.WebPages.HelperResult.WriteTo(TextWriter writer)
   在 System.Web.WebPages.WebPageBase.Write(HelperResult result)
   在 ASP._Page_Views_Shared_Master__ZDBase_cshtml.Execute() 位置 d:\项目\zhididata\ZhiDiExt\Views\Shared\Master\_ZDBase.cshtml:行号 30
   在 System.Web.WebPages.WebPageBase.ExecutePageHierarchy()
   在 System.Web.Mvc.WebViewPage.ExecutePageHierarchy()
   在 System.Web.WebPages.WebPageBase.ExecutePageHierarchy(WebPageContext pageContext, TextWriter writer, WebPageRenderingBase startPage)
   在 System.Web.WebPages.WebPageBase.<>c__DisplayClass7.<RenderPageCore>b__6(TextWriter writer)
   在 System.Web.WebPages.HelperResult.WriteTo(TextWriter writer)
   在 System.Web.WebPages.WebPageBase.Write(HelperResult result)
   在 System.Web.WebPages.WebPageBase.RenderSurrounding(String partialViewName, Action`1 body)
   在 System.Web.WebPages.WebPageBase.PopContext()
   在 System.Web.WebPages.WebPageBase.ExecutePageHierarchy(WebPageContext pageContext, TextWriter writer, WebPageRenderingBase startPage)
   在 System.Web.WebPages.WebPageBase.<>c__DisplayClass7.<RenderPageCore>b__6(TextWriter writer)
   在 System.Web.WebPages.HelperResult.WriteTo(TextWriter writer)
   在 System.Web.WebPages.WebPageBase.Write(HelperResult result)
   在 System.Web.WebPages.WebPageBase.RenderSurrounding(String partialViewName, Action`1 body)
   在 System.Web.WebPages.WebPageBase.PopContext()
   在 System.Web.WebPages.WebPageBase.ExecutePageHierarchy(WebPageContext pageContext, TextWriter writer, WebPageRenderingBase startPage)
   在 System.Web.WebPages.WebPageBase.<>c__DisplayClass7.<RenderPageCore>b__6(TextWriter writer)
   在 System.Web.WebPages.HelperResult.WriteTo(TextWriter writer)
   在 System.Web.WebPages.WebPageBase.Write(HelperResult result)
   在 System.Web.WebPages.WebPageBase.RenderSurrounding(String partialViewName, Action`1 body)
   在 System.Web.WebPages.WebPageBase.PopContext()
   在 System.Web.WebPages.WebPageBase.ExecutePageHierarchy(WebPageContext pageContext, TextWriter writer, WebPageRenderingBase startPage)
   在 System.Web.Mvc.RazorView.RenderView(ViewContext viewContext, TextWriter writer, Object instance)
   在 System.Web.Mvc.BuildManagerCompiledView.Render(ViewContext viewContext, TextWriter writer)
   在 System.Web.Mvc.ViewResultBase.ExecuteResult(ControllerContext context)
   在 System.Web.Mvc.ControllerActionInvoker.InvokeActionResult(ControllerContext controllerContext, ActionResult actionResult)
   在 System.Web.Mvc.ControllerActionInvoker.<>c__DisplayClass1a.<InvokeActionResultWithFilters>b__17()
   在 System.Web.Mvc.ControllerActionInvoker.InvokeActionResultFilter(IResultFilter filter, ResultExecutingContext preContext, Func`1 continuation)
   在 System.Web.Mvc.ControllerActionInvoker.<>c__DisplayClass1a.<>c__DisplayClass1c.<InvokeActionResultWithFilters>b__19()
   在 System.Web.Mvc.ControllerActionInvoker.InvokeActionResultWithFilters(ControllerContext controllerContext, IList`1 filters, ActionResult actionResult)
   在 System.Web.Mvc.Async.AsyncControllerActionInvoker.<>c__DisplayClass25.<>c__DisplayClass2a.<BeginInvokeAction>b__20()
   在 System.Web.Mvc.Async.AsyncControllerActionInvoker.<>c__DisplayClass25.<BeginInvokeAction>b__22(IAsyncResult asyncResult)

异常时间：2017-08-30 22:29:36,831 [127] 
异常级别：ERROR 
异 常 类：api error [(null)] 
api/mobile/ZhiDiBanGongDetail/Index 
 System.NullReferenceException: 未将对象引用设置到对象的实例。
   在 ASP._Page_Views_Shared__ZhiDiLayout_cshtml.Execute() 位置 d:\项目\zhididata\ZhiDiExt\Views\Shared\_ZhiDiLayout.cshtml:行号 64
   在 System.Web.WebPages.WebPageBase.ExecutePageHierarchy()
   在 System.Web.Mvc.WebViewPage.ExecutePageHierarchy()
   在 System.Web.WebPages.WebPageBase.ExecutePageHierarchy(WebPageContext pageContext, TextWriter writer, WebPageRenderingBase startPage)
   在 System.Web.WebPages.WebPageBase.<>c__DisplayClass7.<RenderPageCore>b__6(TextWriter writer)
   在 System.Web.WebPages.HelperResult.WriteTo(TextWriter writer)
   在 System.Web.WebPages.WebPageBase.Write(HelperResult result)
   在 System.Web.WebPages.WebPageBase.RenderSurrounding(String partialViewName, Action`1 body)
   在 System.Web.WebPages.WebPageBase.PopContext()
   在 System.Web.WebPages.WebPageBase.ExecutePageHierarchy(WebPageContext pageContext, TextWriter writer, WebPageRenderingBase startPage)
   在 System.Web.Mvc.RazorView.RenderView(ViewContext viewContext, TextWriter writer, Object instance)
   在 System.Web.Mvc.BuildManagerCompiledView.Render(ViewContext viewContext, TextWriter writer)
   在 System.Web.Mvc.ViewResultBase.ExecuteResult(ControllerContext context)
   在 System.Web.Mvc.ControllerActionInvoker.InvokeActionResult(ControllerContext controllerContext, ActionResult actionResult)
   在 System.Web.Mvc.ControllerActionInvoker.<>c__DisplayClass1a.<InvokeActionResultWithFilters>b__17()
   在 System.Web.Mvc.ControllerActionInvoker.InvokeActionResultFilter(IResultFilter filter, ResultExecutingContext preContext, Func`1 continuation)
   在 System.Web.Mvc.ControllerActionInvoker.<>c__DisplayClass1a.<>c__DisplayClass1c.<InvokeActionResultWithFilters>b__19()
   在 System.Web.Mvc.ControllerActionInvoker.InvokeActionResultWithFilters(ControllerContext controllerContext, IList`1 filters, ActionResult actionResult)
   在 System.Web.Mvc.Async.AsyncControllerActionInvoker.<>c__DisplayClass25.<>c__DisplayClass2a.<BeginInvokeAction>b__20()
   在 System.Web.Mvc.Async.AsyncControllerActionInvoker.<>c__DisplayClass25.<BeginInvokeAction>b__22(IAsyncResult asyncResult)
