
异常时间：2017-08-27 14:58:41,942 [509] 
异常级别：ERROR 
异 常 类：api error [(null)] 
api/mobile/FindbackPassword/ModifyPassword 
 System.NullReferenceException: 未将对象引用设置到对象的实例。
   在 ZhiDiExt.Mobile.Api.FindbackPasswordController.ModifyPassword(ModifyPassword input) 位置 D:\项目\zhididata\ZhiDiExt.Mobile\Api\FindbackPasswordController.cs:行号 30
   在 lambda_method(Closure , Object , Object[] )
   在 System.Web.Http.Controllers.ReflectedHttpActionDescriptor.ActionExecutor.<>c__DisplayClass13.<GetExecutor>b__c(Object instance, Object[] methodParameters)
   在 System.Web.Http.Controllers.ReflectedHttpActionDescriptor.ActionExecutor.Execute(Object instance, Object[] arguments)
   在 System.Web.Http.Controllers.ReflectedHttpActionDescriptor.<>c__DisplayClass5.<ExecuteAsync>b__4()
   在 System.Threading.Tasks.TaskHelpers.RunSynchronously[TResult](Func`1 func, CancellationToken cancellationToken)

异常时间：2017-08-27 15:20:45,894 [506] 
异常级别：ERROR 
异 常 类：api error [(null)] 
api/mobile/FindbackPassword/ModifyJob 
 System.NullReferenceException: 未将对象引用设置到对象的实例。
   在 ZhiDiExt.Mobile.Api.FindbackPasswordController.ModifyJob(ModifyJob input) 位置 D:\项目\zhididata\ZhiDiExt.Mobile\Api\FindbackPasswordController.cs:行号 49
   在 lambda_method(Closure , Object , Object[] )
   在 System.Web.Http.Controllers.ReflectedHttpActionDescriptor.ActionExecutor.<>c__DisplayClass13.<GetExecutor>b__c(Object instance, Object[] methodParameters)
   在 System.Web.Http.Controllers.ReflectedHttpActionDescriptor.ActionExecutor.Execute(Object instance, Object[] arguments)
   在 System.Web.Http.Controllers.ReflectedHttpActionDescriptor.<>c__DisplayClass5.<ExecuteAsync>b__4()
   在 System.Threading.Tasks.TaskHelpers.RunSynchronously[TResult](Func`1 func, CancellationToken cancellationToken)

异常时间：2017-08-27 15:57:55,996 [17] 
异常级别：ERROR 
异 常 类：api error [(null)] 
api/mobile/FindbackPassword/ModifyJob 
 System.NullReferenceException: 未将对象引用设置到对象的实例。
   在 ZhiDiExt.Mobile.Api.FindbackPasswordController.ModifyJob(ModifyJob input) 位置 D:\项目\zhididata\ZhiDiExt.Mobile\Api\FindbackPasswordController.cs:行号 49
   在 lambda_method(Closure , Object , Object[] )
   在 System.Web.Http.Controllers.ReflectedHttpActionDescriptor.ActionExecutor.<>c__DisplayClass13.<GetExecutor>b__c(Object instance, Object[] methodParameters)
   在 System.Web.Http.Controllers.ReflectedHttpActionDescriptor.ActionExecutor.Execute(Object instance, Object[] arguments)
   在 System.Web.Http.Controllers.ReflectedHttpActionDescriptor.<>c__DisplayClass5.<ExecuteAsync>b__4()
   在 System.Threading.Tasks.TaskHelpers.RunSynchronously[TResult](Func`1 func, CancellationToken cancellationToken)

异常时间：2017-08-27 15:58:00,687 [507] 
异常级别：ERROR 
异 常 类：api error [(null)] 
api/mobile/FindbackPassword/ModifyJob 
 System.NullReferenceException: 未将对象引用设置到对象的实例。
   在 ZhiDiExt.Mobile.Api.FindbackPasswordController.ModifyJob(ModifyJob input) 位置 D:\项目\zhididata\ZhiDiExt.Mobile\Api\FindbackPasswordController.cs:行号 49
   在 lambda_method(Closure , Object , Object[] )
   在 System.Web.Http.Controllers.ReflectedHttpActionDescriptor.ActionExecutor.<>c__DisplayClass13.<GetExecutor>b__c(Object instance, Object[] methodParameters)
   在 System.Web.Http.Controllers.ReflectedHttpActionDescriptor.ActionExecutor.Execute(Object instance, Object[] arguments)
   在 System.Web.Http.Controllers.ReflectedHttpActionDescriptor.<>c__DisplayClass5.<ExecuteAsync>b__4()
   在 System.Threading.Tasks.TaskHelpers.RunSynchronously[TResult](Func`1 func, CancellationToken cancellationToken)

异常时间：2017-08-27 15:58:06,345 [15] 
异常级别：ERROR 
异 常 类：api error [(null)] 
api/mobile/FindbackPassword/ModifyJob 
 System.NullReferenceException: 未将对象引用设置到对象的实例。
   在 ZhiDiExt.Mobile.Api.FindbackPasswordController.ModifyJob(ModifyJob input) 位置 D:\项目\zhididata\ZhiDiExt.Mobile\Api\FindbackPasswordController.cs:行号 49
   在 lambda_method(Closure , Object , Object[] )
   在 System.Web.Http.Controllers.ReflectedHttpActionDescriptor.ActionExecutor.<>c__DisplayClass13.<GetExecutor>b__c(Object instance, Object[] methodParameters)
   在 System.Web.Http.Controllers.ReflectedHttpActionDescriptor.ActionExecutor.Execute(Object instance, Object[] arguments)
   在 System.Web.Http.Controllers.ReflectedHttpActionDescriptor.<>c__DisplayClass5.<ExecuteAsync>b__4()
   在 System.Threading.Tasks.TaskHelpers.RunSynchronously[TResult](Func`1 func, CancellationToken cancellationToken)

异常时间：2017-08-27 22:52:28,647 [287] 
异常级别：ERROR 
异 常 类：api error [(null)] 
api/mobile/Account/PersonalCenter 
 System.Web.HttpParseException (0x80004005): 在 "@" 字符后面遇到了空格或换行符。只有有效的标识符、关键字、注释、"(" 和 "{" 在代码块开头才有效，并且它们必须紧跟在 "@" 后面，中间没有空格。

   在 System.Web.WebPages.Razor.RazorBuildProvider.EnsureGeneratedCode()
   在 System.Web.WebPages.Razor.RazorBuildProvider.get_CodeCompilerType()
   在 System.Web.Compilation.BuildProvider.GetCompilerTypeFromBuildProvider(BuildProvider buildProvider)
   在 System.Web.Compilation.BuildProvidersCompiler.ProcessBuildProviders()
   在 System.Web.Compilation.BuildProvidersCompiler.PerformBuild()
   在 System.Web.Compilation.BuildManager.CompileWebFile(VirtualPath virtualPath)
   在 System.Web.Compilation.BuildManager.GetVPathBuildResultInternal(VirtualPath virtualPath, Boolean noBuild, Boolean allowCrossApp, Boolean allowBuildInPrecompile, Boolean throwIfNotFound, Boolean ensureIsUpToDate)
   在 System.Web.Compilation.BuildManager.GetVPathBuildResultWithNoAssert(HttpContext context, VirtualPath virtualPath, Boolean noBuild, Boolean allowCrossApp, Boolean allowBuildInPrecompile, Boolean throwIfNotFound, Boolean ensureIsUpToDate)
   在 System.Web.Compilation.BuildManager.GetVirtualPathObjectFactory(VirtualPath virtualPath, HttpContext context, Boolean allowCrossApp, Boolean throwIfNotFound)
   在 System.Web.Mvc.BuildManagerWrapper.System.Web.Mvc.IBuildManager.FileExists(String virtualPath)
   在 System.Web.Mvc.BuildManagerViewEngine.FileExists(ControllerContext controllerContext, String virtualPath)
   在 System.Web.Mvc.VirtualPathProviderViewEngine.<>c__DisplayClass4.<GetPathFromGeneralName>b__0(String path)
   在 System.Web.WebPages.DefaultDisplayMode.GetDisplayInfo(HttpContextBase httpContext, String virtualPath, Func`2 virtualPathExists)
   在 System.Web.WebPages.DisplayModeProvider.<>c__DisplayClassb.<GetDisplayInfoForVirtualPath>b__8(IDisplayMode mode)
   在 System.Linq.Enumerable.WhereSelectListIterator`2.MoveNext()
   在 System.Linq.Enumerable.FirstOrDefault[TSource](IEnumerable`1 source, Func`2 predicate)
   在 System.Web.WebPages.DisplayModeProvider.GetDisplayInfoForVirtualPath(String virtualPath, HttpContextBase httpContext, Func`2 virtualPathExists, IDisplayMode currentDisplayMode, Boolean requireConsistentDisplayMode)
   在 System.Web.Mvc.VirtualPathProviderViewEngine.GetPathFromGeneralName(ControllerContext controllerContext, List`1 locations, String name, String controllerName, String areaName, String cacheKey, String[]& searchedLocations)
   在 System.Web.Mvc.VirtualPathProviderViewEngine.GetPath(ControllerContext controllerContext, String[] locations, String[] areaLocations, String locationsPropertyName, String name, String controllerName, String cacheKeyPrefix, Boolean useCache, String[]& searchedLocations)
   在 System.Web.Mvc.VirtualPathProviderViewEngine.FindView(ControllerContext controllerContext, String viewName, String masterName, Boolean useCache)
   在 System.Web.Mvc.ViewEngineCollection.<>c__DisplayClassc.<FindView>b__b(IViewEngine e)
   在 System.Web.Mvc.ViewEngineCollection.Find(Func`2 lookup, Boolean trackSearchedPaths)
   在 System.Web.Mvc.ViewEngineCollection.FindView(ControllerContext controllerContext, String viewName, String masterName)
   在 System.Web.Mvc.ViewResult.FindView(ControllerContext context)
   在 System.Web.Mvc.ViewResultBase.ExecuteResult(ControllerContext context)
   在 System.Web.Mvc.ControllerActionInvoker.InvokeActionResult(ControllerContext controllerContext, ActionResult actionResult)
   在 System.Web.Mvc.ControllerActionInvoker.<>c__DisplayClass1a.<InvokeActionResultWithFilters>b__17()
   在 System.Web.Mvc.ControllerActionInvoker.InvokeActionResultFilter(IResultFilter filter, ResultExecutingContext preContext, Func`1 continuation)
   在 System.Web.Mvc.ControllerActionInvoker.<>c__DisplayClass1a.<>c__DisplayClass1c.<InvokeActionResultWithFilters>b__19()
   在 System.Web.Mvc.ControllerActionInvoker.InvokeActionResultWithFilters(ControllerContext controllerContext, IList`1 filters, ActionResult actionResult)
   在 System.Web.Mvc.Async.AsyncControllerActionInvoker.<>c__DisplayClass25.<>c__DisplayClass2a.<BeginInvokeAction>b__20()
   在 System.Web.Mvc.Async.AsyncControllerActionInvoker.<>c__DisplayClass25.<BeginInvokeAction>b__22(IAsyncResult asyncResult)

异常时间：2017-08-27 22:52:33,299 [278] 
异常级别：ERROR 
异 常 类：api error [(null)] 
api/mobile/Account/PersonalCenter 
 System.Web.HttpParseException (0x80004005): 在 "@" 字符后面遇到了空格或换行符。只有有效的标识符、关键字、注释、"(" 和 "{" 在代码块开头才有效，并且它们必须紧跟在 "@" 后面，中间没有空格。

   在 System.Web.WebPages.Razor.RazorBuildProvider.EnsureGeneratedCode()
   在 System.Web.WebPages.Razor.RazorBuildProvider.get_CodeCompilerType()
   在 System.Web.Compilation.BuildProvider.GetCompilerTypeFromBuildProvider(BuildProvider buildProvider)
   在 System.Web.Compilation.BuildProvidersCompiler.ProcessBuildProviders()
   在 System.Web.Compilation.BuildProvidersCompiler.PerformBuild()
   在 System.Web.Compilation.BuildManager.CompileWebFile(VirtualPath virtualPath)
   在 System.Web.Compilation.BuildManager.GetVPathBuildResultInternal(VirtualPath virtualPath, Boolean noBuild, Boolean allowCrossApp, Boolean allowBuildInPrecompile, Boolean throwIfNotFound, Boolean ensureIsUpToDate)
   在 System.Web.Compilation.BuildManager.GetVPathBuildResultWithNoAssert(HttpContext context, VirtualPath virtualPath, Boolean noBuild, Boolean allowCrossApp, Boolean allowBuildInPrecompile, Boolean throwIfNotFound, Boolean ensureIsUpToDate)
   在 System.Web.Compilation.BuildManager.GetVirtualPathObjectFactory(VirtualPath virtualPath, HttpContext context, Boolean allowCrossApp, Boolean throwIfNotFound)
   在 System.Web.Mvc.BuildManagerWrapper.System.Web.Mvc.IBuildManager.FileExists(String virtualPath)
   在 System.Web.Mvc.BuildManagerViewEngine.FileExists(ControllerContext controllerContext, String virtualPath)
   在 System.Web.Mvc.VirtualPathProviderViewEngine.<>c__DisplayClass4.<GetPathFromGeneralName>b__0(String path)
   在 System.Web.WebPages.DefaultDisplayMode.GetDisplayInfo(HttpContextBase httpContext, String virtualPath, Func`2 virtualPathExists)
   在 System.Web.WebPages.DisplayModeProvider.<>c__DisplayClassb.<GetDisplayInfoForVirtualPath>b__8(IDisplayMode mode)
   在 System.Linq.Enumerable.WhereSelectListIterator`2.MoveNext()
   在 System.Linq.Enumerable.FirstOrDefault[TSource](IEnumerable`1 source, Func`2 predicate)
   在 System.Web.WebPages.DisplayModeProvider.GetDisplayInfoForVirtualPath(String virtualPath, HttpContextBase httpContext, Func`2 virtualPathExists, IDisplayMode currentDisplayMode, Boolean requireConsistentDisplayMode)
   在 System.Web.Mvc.VirtualPathProviderViewEngine.GetPathFromGeneralName(ControllerContext controllerContext, List`1 locations, String name, String controllerName, String areaName, String cacheKey, String[]& searchedLocations)
   在 System.Web.Mvc.VirtualPathProviderViewEngine.GetPath(ControllerContext controllerContext, String[] locations, String[] areaLocations, String locationsPropertyName, String name, String controllerName, String cacheKeyPrefix, Boolean useCache, String[]& searchedLocations)
   在 System.Web.Mvc.VirtualPathProviderViewEngine.FindView(ControllerContext controllerContext, String viewName, String masterName, Boolean useCache)
   在 System.Web.Mvc.ViewEngineCollection.<>c__DisplayClassc.<FindView>b__b(IViewEngine e)
   在 System.Web.Mvc.ViewEngineCollection.Find(Func`2 lookup, Boolean trackSearchedPaths)
   在 System.Web.Mvc.ViewEngineCollection.FindView(ControllerContext controllerContext, String viewName, String masterName)
   在 System.Web.Mvc.ViewResult.FindView(ControllerContext context)
   在 System.Web.Mvc.ViewResultBase.ExecuteResult(ControllerContext context)
   在 System.Web.Mvc.ControllerActionInvoker.InvokeActionResult(ControllerContext controllerContext, ActionResult actionResult)
   在 System.Web.Mvc.ControllerActionInvoker.<>c__DisplayClass1a.<InvokeActionResultWithFilters>b__17()
   在 System.Web.Mvc.ControllerActionInvoker.InvokeActionResultFilter(IResultFilter filter, ResultExecutingContext preContext, Func`1 continuation)
   在 System.Web.Mvc.ControllerActionInvoker.<>c__DisplayClass1a.<>c__DisplayClass1c.<InvokeActionResultWithFilters>b__19()
   在 System.Web.Mvc.ControllerActionInvoker.InvokeActionResultWithFilters(ControllerContext controllerContext, IList`1 filters, ActionResult actionResult)
   在 System.Web.Mvc.Async.AsyncControllerActionInvoker.<>c__DisplayClass25.<>c__DisplayClass2a.<BeginInvokeAction>b__20()
   在 System.Web.Mvc.Async.AsyncControllerActionInvoker.<>c__DisplayClass25.<BeginInvokeAction>b__22(IAsyncResult asyncResult)

异常时间：2017-08-27 22:53:13,425 [278] 
异常级别：ERROR 
异 常 类：api error [(null)] 
api/mobile/Account/PersonalCenter 
 System.Web.HttpParseException (0x80004005): 在 "@" 字符后面遇到了空格或换行符。只有有效的标识符、关键字、注释、"(" 和 "{" 在代码块开头才有效，并且它们必须紧跟在 "@" 后面，中间没有空格。

   在 System.Web.WebPages.Razor.RazorBuildProvider.EnsureGeneratedCode()
   在 System.Web.WebPages.Razor.RazorBuildProvider.get_CodeCompilerType()
   在 System.Web.Compilation.BuildProvider.GetCompilerTypeFromBuildProvider(BuildProvider buildProvider)
   在 System.Web.Compilation.BuildProvidersCompiler.ProcessBuildProviders()
   在 System.Web.Compilation.BuildProvidersCompiler.PerformBuild()
   在 System.Web.Compilation.BuildManager.CompileWebFile(VirtualPath virtualPath)
   在 System.Web.Compilation.BuildManager.GetVPathBuildResultInternal(VirtualPath virtualPath, Boolean noBuild, Boolean allowCrossApp, Boolean allowBuildInPrecompile, Boolean throwIfNotFound, Boolean ensureIsUpToDate)
   在 System.Web.Compilation.BuildManager.GetVPathBuildResultWithNoAssert(HttpContext context, VirtualPath virtualPath, Boolean noBuild, Boolean allowCrossApp, Boolean allowBuildInPrecompile, Boolean throwIfNotFound, Boolean ensureIsUpToDate)
   在 System.Web.Compilation.BuildManager.GetVirtualPathObjectFactory(VirtualPath virtualPath, HttpContext context, Boolean allowCrossApp, Boolean throwIfNotFound)
   在 System.Web.Mvc.BuildManagerWrapper.System.Web.Mvc.IBuildManager.FileExists(String virtualPath)
   在 System.Web.Mvc.BuildManagerViewEngine.FileExists(ControllerContext controllerContext, String virtualPath)
   在 System.Web.Mvc.VirtualPathProviderViewEngine.<>c__DisplayClass4.<GetPathFromGeneralName>b__0(String path)
   在 System.Web.WebPages.DefaultDisplayMode.GetDisplayInfo(HttpContextBase httpContext, String virtualPath, Func`2 virtualPathExists)
   在 System.Web.WebPages.DisplayModeProvider.<>c__DisplayClassb.<GetDisplayInfoForVirtualPath>b__8(IDisplayMode mode)
   在 System.Linq.Enumerable.WhereSelectListIterator`2.MoveNext()
   在 System.Linq.Enumerable.FirstOrDefault[TSource](IEnumerable`1 source, Func`2 predicate)
   在 System.Web.WebPages.DisplayModeProvider.GetDisplayInfoForVirtualPath(String virtualPath, HttpContextBase httpContext, Func`2 virtualPathExists, IDisplayMode currentDisplayMode, Boolean requireConsistentDisplayMode)
   在 System.Web.Mvc.VirtualPathProviderViewEngine.GetPathFromGeneralName(ControllerContext controllerContext, List`1 locations, String name, String controllerName, String areaName, String cacheKey, String[]& searchedLocations)
   在 System.Web.Mvc.VirtualPathProviderViewEngine.GetPath(ControllerContext controllerContext, String[] locations, String[] areaLocations, String locationsPropertyName, String name, String controllerName, String cacheKeyPrefix, Boolean useCache, String[]& searchedLocations)
   在 System.Web.Mvc.VirtualPathProviderViewEngine.FindView(ControllerContext controllerContext, String viewName, String masterName, Boolean useCache)
   在 System.Web.Mvc.ViewEngineCollection.<>c__DisplayClassc.<FindView>b__b(IViewEngine e)
   在 System.Web.Mvc.ViewEngineCollection.Find(Func`2 lookup, Boolean trackSearchedPaths)
   在 System.Web.Mvc.ViewEngineCollection.FindView(ControllerContext controllerContext, String viewName, String masterName)
   在 System.Web.Mvc.ViewResult.FindView(ControllerContext context)
   在 System.Web.Mvc.ViewResultBase.ExecuteResult(ControllerContext context)
   在 System.Web.Mvc.ControllerActionInvoker.InvokeActionResult(ControllerContext controllerContext, ActionResult actionResult)
   在 System.Web.Mvc.ControllerActionInvoker.<>c__DisplayClass1a.<InvokeActionResultWithFilters>b__17()
   在 System.Web.Mvc.ControllerActionInvoker.InvokeActionResultFilter(IResultFilter filter, ResultExecutingContext preContext, Func`1 continuation)
   在 System.Web.Mvc.ControllerActionInvoker.<>c__DisplayClass1a.<>c__DisplayClass1c.<InvokeActionResultWithFilters>b__19()
   在 System.Web.Mvc.ControllerActionInvoker.InvokeActionResultWithFilters(ControllerContext controllerContext, IList`1 filters, ActionResult actionResult)
   在 System.Web.Mvc.Async.AsyncControllerActionInvoker.<>c__DisplayClass25.<>c__DisplayClass2a.<BeginInvokeAction>b__20()
   在 System.Web.Mvc.Async.AsyncControllerActionInvoker.<>c__DisplayClass25.<BeginInvokeAction>b__22(IAsyncResult asyncResult)

异常时间：2017-08-27 22:53:16,445 [278] 
异常级别：ERROR 
异 常 类：api error [(null)] 
api/mobile/Account/PersonalCenter 
 System.Web.HttpParseException (0x80004005): 在 "@" 字符后面遇到了空格或换行符。只有有效的标识符、关键字、注释、"(" 和 "{" 在代码块开头才有效，并且它们必须紧跟在 "@" 后面，中间没有空格。

   在 System.Web.WebPages.Razor.RazorBuildProvider.EnsureGeneratedCode()
   在 System.Web.WebPages.Razor.RazorBuildProvider.get_CodeCompilerType()
   在 System.Web.Compilation.BuildProvider.GetCompilerTypeFromBuildProvider(BuildProvider buildProvider)
   在 System.Web.Compilation.BuildProvidersCompiler.ProcessBuildProviders()
   在 System.Web.Compilation.BuildProvidersCompiler.PerformBuild()
   在 System.Web.Compilation.BuildManager.CompileWebFile(VirtualPath virtualPath)
   在 System.Web.Compilation.BuildManager.GetVPathBuildResultInternal(VirtualPath virtualPath, Boolean noBuild, Boolean allowCrossApp, Boolean allowBuildInPrecompile, Boolean throwIfNotFound, Boolean ensureIsUpToDate)
   在 System.Web.Compilation.BuildManager.GetVPathBuildResultWithNoAssert(HttpContext context, VirtualPath virtualPath, Boolean noBuild, Boolean allowCrossApp, Boolean allowBuildInPrecompile, Boolean throwIfNotFound, Boolean ensureIsUpToDate)
   在 System.Web.Compilation.BuildManager.GetVirtualPathObjectFactory(VirtualPath virtualPath, HttpContext context, Boolean allowCrossApp, Boolean throwIfNotFound)
   在 System.Web.Mvc.BuildManagerWrapper.System.Web.Mvc.IBuildManager.FileExists(String virtualPath)
   在 System.Web.Mvc.BuildManagerViewEngine.FileExists(ControllerContext controllerContext, String virtualPath)
   在 System.Web.Mvc.VirtualPathProviderViewEngine.<>c__DisplayClass4.<GetPathFromGeneralName>b__0(String path)
   在 System.Web.WebPages.DefaultDisplayMode.GetDisplayInfo(HttpContextBase httpContext, String virtualPath, Func`2 virtualPathExists)
   在 System.Web.WebPages.DisplayModeProvider.<>c__DisplayClassb.<GetDisplayInfoForVirtualPath>b__8(IDisplayMode mode)
   在 System.Linq.Enumerable.WhereSelectListIterator`2.MoveNext()
   在 System.Linq.Enumerable.FirstOrDefault[TSource](IEnumerable`1 source, Func`2 predicate)
   在 System.Web.WebPages.DisplayModeProvider.GetDisplayInfoForVirtualPath(String virtualPath, HttpContextBase httpContext, Func`2 virtualPathExists, IDisplayMode currentDisplayMode, Boolean requireConsistentDisplayMode)
   在 System.Web.Mvc.VirtualPathProviderViewEngine.GetPathFromGeneralName(ControllerContext controllerContext, List`1 locations, String name, String controllerName, String areaName, String cacheKey, String[]& searchedLocations)
   在 System.Web.Mvc.VirtualPathProviderViewEngine.GetPath(ControllerContext controllerContext, String[] locations, String[] areaLocations, String locationsPropertyName, String name, String controllerName, String cacheKeyPrefix, Boolean useCache, String[]& searchedLocations)
   在 System.Web.Mvc.VirtualPathProviderViewEngine.FindView(ControllerContext controllerContext, String viewName, String masterName, Boolean useCache)
   在 System.Web.Mvc.ViewEngineCollection.<>c__DisplayClassc.<FindView>b__b(IViewEngine e)
   在 System.Web.Mvc.ViewEngineCollection.Find(Func`2 lookup, Boolean trackSearchedPaths)
   在 System.Web.Mvc.ViewEngineCollection.FindView(ControllerContext controllerContext, String viewName, String masterName)
   在 System.Web.Mvc.ViewResult.FindView(ControllerContext context)
   在 System.Web.Mvc.ViewResultBase.ExecuteResult(ControllerContext context)
   在 System.Web.Mvc.ControllerActionInvoker.InvokeActionResult(ControllerContext controllerContext, ActionResult actionResult)
   在 System.Web.Mvc.ControllerActionInvoker.<>c__DisplayClass1a.<InvokeActionResultWithFilters>b__17()
   在 System.Web.Mvc.ControllerActionInvoker.InvokeActionResultFilter(IResultFilter filter, ResultExecutingContext preContext, Func`1 continuation)
   在 System.Web.Mvc.ControllerActionInvoker.<>c__DisplayClass1a.<>c__DisplayClass1c.<InvokeActionResultWithFilters>b__19()
   在 System.Web.Mvc.ControllerActionInvoker.InvokeActionResultWithFilters(ControllerContext controllerContext, IList`1 filters, ActionResult actionResult)
   在 System.Web.Mvc.Async.AsyncControllerActionInvoker.<>c__DisplayClass25.<>c__DisplayClass2a.<BeginInvokeAction>b__20()
   在 System.Web.Mvc.Async.AsyncControllerActionInvoker.<>c__DisplayClass25.<BeginInvokeAction>b__22(IAsyncResult asyncResult)
